{
  "RSpec": {
    "coverage": {
      "/home/tarathomas/TeamProject/restaurantcollections/spec/test_load_all.rb": {
        "lines": [
          null,
          null,
          null,
          null,
          null,
          null,
          1,
          1,
          null,
          1,
          50,
          null,
          null,
          1,
          1,
          1,
          null
        ]
      },
      "/home/tarathomas/TeamProject/restaurantcollections/require_app.rb": {
        "lines": [
          null,
          null,
          null,
          null,
          null,
          null,
          null,
          null,
          null,
          1,
          8,
          2,
          null,
          2,
          50,
          null,
          null
        ]
      },
      "/home/tarathomas/TeamProject/restaurantcollections/config/environments.rb": {
        "lines": [
          null,
          null,
          1,
          1,
          1,
          1,
          1,
          1,
          1,
          null,
          1,
          null,
          1,
          1,
          null,
          null,
          1,
          null,
          null,
          null,
          1,
          1,
          null,
          null,
          1,
          1,
          null,
          1,
          null,
          null,
          1,
          1,
          null,
          1,
          1,
          1,
          null,
          null,
          1,
          1,
          1,
          null,
          null,
          null
        ]
      },
      "/home/tarathomas/TeamProject/restaurantcollections/app/lib/secure_db.rb": {
        "lines": [
          null,
          null,
          1,
          null,
          1,
          1,
          null,
          1,
          8,
          null,
          8,
          8,
          null,
          null,
          1,
          5,
          null,
          5,
          5,
          null,
          null
        ]
      },
      "/home/tarathomas/TeamProject/restaurantcollections/app/lib/securable.rb": {
        "lines": [
          null,
          null,
          1,
          1,
          null,
          1,
          1,
          null,
          1,
          0,
          0,
          null,
          null,
          1,
          3,
          null,
          3,
          null,
          null,
          1,
          69,
          null,
          null,
          1,
          39,
          39,
          null,
          null,
          1,
          30,
          30,
          null,
          null
        ]
      },
      "/home/tarathomas/TeamProject/restaurantcollections/app/lib/auth_token.rb": {
        "lines": [
          1,
          1,
          1,
          null,
          null,
          1,
          1,
          null,
          1,
          1,
          1,
          1,
          1,
          null,
          1,
          1,
          null,
          null,
          1,
          31,
          null,
          null,
          null,
          null,
          null,
          null,
          null,
          1,
          25,
          25,
          null,
          null,
          null,
          1,
          31,
          31,
          31,
          31,
          null,
          null,
          null,
          1,
          25,
          null,
          25,
          25,
          25,
          null,
          0,
          null,
          null,
          1,
          31,
          null,
          null,
          1,
          25,
          null,
          0,
          null,
          null
        ]
      },
      "/home/tarathomas/TeamProject/restaurantcollections/app/lib/auth_scope.rb": {
        "lines": [
          null,
          null,
          null,
          1,
          1,
          1,
          1,
          1,
          1,
          null,
          1,
          1,
          null,
          1,
          56,
          56,
          112,
          null,
          null,
          1,
          7,
          null,
          null,
          1,
          26,
          null,
          null,
          1,
          31,
          null,
          null,
          1,
          null,
          1,
          7,
          null,
          null,
          1,
          33,
          null,
          null,
          1,
          33,
          null,
          null,
          1,
          56,
          56,
          56,
          null,
          null
        ]
      },
      "/home/tarathomas/TeamProject/restaurantcollections/app/lib/json_request_body.rb": {
        "lines": [
          null,
          null,
          null,
          1,
          1,
          1,
          null,
          null,
          null
        ]
      },
      "/home/tarathomas/TeamProject/restaurantcollections/app/lib/key_stretch.rb": {
        "lines": [
          null,
          null,
          1,
          1,
          null,
          null,
          1,
          1,
          91,
          null,
          null,
          1,
          125,
          125,
          125,
          null,
          125,
          null,
          null,
          null,
          null,
          null
        ]
      },
      "/home/tarathomas/TeamProject/restaurantcollections/app/lib/signed_request.rb": {
        "lines": [
          null,
          null,
          1,
          1,
          null,
          null,
          1,
          1,
          null,
          1,
          13,
          13,
          null,
          null,
          1,
          0,
          0,
          null,
          0,
          null,
          null,
          null,
          1,
          7,
          7,
          null,
          null,
          null,
          1,
          6,
          6,
          null,
          6,
          null,
          6,
          null,
          null,
          1,
          null,
          1,
          7,
          6,
          6,
          null,
          1,
          null,
          null
        ]
      },
      "/home/tarathomas/TeamProject/restaurantcollections/app/models/account.rb": {
        "lines": [
          null,
          null,
          1,
          1,
          1,
          null,
          1,
          null,
          1,
          1,
          null,
          1,
          null,
          null,
          null,
          null,
          1,
          null,
          null,
          null,
          1,
          1,
          null,
          1,
          null,
          1,
          0,
          null,
          null,
          null,
          1,
          0,
          null,
          null,
          null,
          1,
          6,
          null,
          null,
          1,
          88,
          null,
          null,
          1,
          32,
          32,
          null,
          null,
          1,
          39,
          null,
          null,
          null,
          null,
          null,
          null,
          null,
          null,
          null,
          null,
          1,
          1,
          null,
          null,
          null,
          null
        ]
      },
      "/home/tarathomas/TeamProject/restaurantcollections/app/models/password.rb": {
        "lines": [
          null,
          null,
          1,
          1,
          null,
          1,
          null,
          1,
          1,
          null,
          1,
          125,
          125,
          null,
          null,
          1,
          34,
          34,
          null,
          null,
          1,
          91,
          null,
          null,
          null,
          null,
          1,
          null,
          1,
          91,
          91,
          91,
          null,
          null,
          1,
          34,
          34,
          34,
          34,
          null,
          null,
          null
        ]
      },
      "/home/tarathomas/TeamProject/restaurantcollections/app/models/comment.rb": {
        "lines": [
          null,
          null,
          1,
          1,
          null,
          1,
          null,
          1,
          1,
          null,
          1,
          1,
          null,
          1,
          1,
          null,
          null,
          1,
          5,
          null,
          null,
          1,
          8,
          null,
          null,
          1,
          2,
          null,
          null,
          null,
          null,
          null,
          null,
          null,
          null,
          null,
          null,
          null,
          null,
          null,
          null,
          null
        ]
      },
      "/home/tarathomas/TeamProject/restaurantcollections/app/models/github_account.rb": {
        "lines": [
          null,
          null,
          1,
          null,
          1,
          1,
          2,
          null,
          null,
          null,
          null,
          null,
          null,
          1,
          2,
          null,
          null,
          1,
          2,
          null,
          null,
          null
        ]
      },
      "/home/tarathomas/TeamProject/restaurantcollections/app/models/meal.rb": {
        "lines": [
          null,
          null,
          1,
          1,
          null,
          1,
          null,
          1,
          1,
          null,
          1,
          null,
          1,
          1,
          null,
          1,
          3,
          null,
          null,
          null,
          null,
          null,
          null,
          null,
          null,
          null,
          null,
          null,
          null,
          null,
          null,
          null,
          null,
          null
        ]
      },
      "/home/tarathomas/TeamProject/restaurantcollections/app/models/restaurant.rb": {
        "lines": [
          null,
          null,
          1,
          1,
          null,
          1,
          null,
          null,
          1,
          1,
          null,
          1,
          null,
          null,
          null,
          null,
          1,
          1,
          1,
          null,
          1,
          1,
          1,
          null,
          1,
          null,
          9,
          null,
          null,
          null,
          null,
          null,
          null,
          null,
          null,
          null,
          1,
          1,
          null,
          null,
          null,
          null,
          null,
          null,
          null,
          null,
          null,
          1,
          8,
          null,
          null,
          null
        ]
      },
      "/home/tarathomas/TeamProject/restaurantcollections/app/policies/account_policy.rb": {
        "lines": [
          null,
          null,
          null,
          1,
          1,
          1,
          1,
          null,
          null,
          1,
          2,
          null,
          null,
          1,
          0,
          null,
          null,
          1,
          0,
          null,
          null,
          1,
          null,
          0,
          null,
          null,
          null,
          null,
          null,
          1,
          null,
          1,
          2,
          null,
          null
        ]
      },
      "/home/tarathomas/TeamProject/restaurantcollections/app/policies/collaboration_request_policy.rb": {
        "lines": [
          null,
          null,
          1,
          null,
          1,
          1,
          6,
          6,
          6,
          6,
          6,
          6,
          null,
          null,
          1,
          4,
          3,
          null,
          null,
          1,
          2,
          2,
          null,
          null,
          1,
          null,
          1,
          6,
          null,
          null,
          1,
          2,
          null,
          null,
          null
        ]
      },
      "/home/tarathomas/TeamProject/restaurantcollections/app/policies/comment_policy.rb": {
        "lines": [
          null,
          null,
          null,
          1,
          1,
          2,
          2,
          2,
          null,
          null,
          1,
          2,
          null,
          null,
          1,
          0,
          null,
          null,
          1,
          0,
          null,
          null,
          1,
          null,
          0,
          null,
          null,
          null,
          null,
          null,
          1,
          null,
          1,
          2,
          null,
          null,
          1,
          0,
          null,
          null,
          1,
          2,
          null,
          null,
          1,
          1,
          null,
          null
        ]
      },
      "/home/tarathomas/TeamProject/restaurantcollections/app/policies/meal_policy.rb": {
        "lines": [
          null,
          null,
          null,
          1,
          1,
          2,
          2,
          2,
          null,
          null,
          1,
          2,
          null,
          null,
          1,
          0,
          null,
          null,
          1,
          0,
          null,
          null,
          1,
          null,
          0,
          null,
          null,
          null,
          null,
          null,
          1,
          null,
          1,
          2,
          null,
          null,
          1,
          0,
          null,
          null,
          1,
          2,
          null,
          null,
          1,
          1,
          null,
          null,
          null
        ]
      },
      "/home/tarathomas/TeamProject/restaurantcollections/app/policies/restaurant_policy.rb": {
        "lines": [
          null,
          null,
          1,
          null,
          1,
          1,
          20,
          20,
          20,
          null,
          null,
          1,
          3,
          null,
          null,
          null,
          1,
          1,
          null,
          null,
          1,
          1,
          null,
          null,
          1,
          1,
          null,
          null,
          1,
          4,
          null,
          null,
          1,
          1,
          null,
          null,
          1,
          4,
          null,
          null,
          1,
          1,
          null,
          null,
          1,
          4,
          null,
          null,
          1,
          3,
          null,
          null,
          1,
          4,
          null,
          null,
          1,
          null,
          1,
          null,
          null,
          null,
          null,
          null,
          null,
          null,
          null,
          null,
          null,
          null,
          null,
          null,
          1,
          null,
          1,
          3,
          null,
          null,
          1,
          19,
          null,
          null,
          1,
          26,
          null,
          null,
          1,
          6,
          null,
          null,
          null
        ]
      },
      "/home/tarathomas/TeamProject/restaurantcollections/app/policies/restaurant_scopes.rb": {
        "lines": [
          null,
          null,
          1,
          null,
          1,
          null,
          1,
          1,
          1,
          1,
          1,
          1,
          null,
          null,
          1,
          1,
          1,
          null,
          0,
          0,
          null,
          null,
          null,
          null,
          1,
          null,
          1,
          1,
          null,
          null,
          1,
          0,
          null,
          null,
          null,
          null
        ]
      },
      "/home/tarathomas/TeamProject/restaurantcollections/app/services/add_collaborator.rb": {
        "lines": [
          null,
          null,
          1,
          null,
          1,
          null,
          1,
          null,
          1,
          1,
          0,
          null,
          null,
          null,
          1,
          2,
          2,
          null,
          null,
          2,
          null,
          1,
          1,
          null,
          null,
          null
        ]
      },
      "/home/tarathomas/TeamProject/restaurantcollections/app/services/add_collaborator_to_restaurant.rb": {
        "lines": [
          null,
          null,
          1,
          null,
          1,
          null,
          1,
          1,
          1,
          null,
          null,
          null,
          1,
          2,
          2,
          null,
          null,
          2,
          null,
          1,
          1,
          null,
          null,
          null
        ]
      },
      "/home/tarathomas/TeamProject/restaurantcollections/app/services/authenticate_account.rb": {
        "lines": [
          null,
          null,
          1,
          null,
          1,
          1,
          1,
          3,
          3,
          null,
          null,
          1,
          1,
          null,
          null,
          null,
          null,
          1,
          31,
          31,
          null,
          28,
          null,
          3,
          null,
          null,
          1,
          null,
          28,
          null,
          null,
          null,
          null,
          null,
          null,
          null,
          null
        ]
      },
      "/home/tarathomas/TeamProject/restaurantcollections/app/services/authorize_account.rb": {
        "lines": [
          null,
          null,
          1,
          null,
          1,
          null,
          1,
          1,
          0,
          null,
          null,
          null,
          1,
          1,
          1,
          1,
          null,
          1,
          null,
          1,
          null,
          null,
          1,
          null,
          1,
          null,
          null,
          null,
          null,
          null,
          null,
          null,
          null
        ]
      },
      "/home/tarathomas/TeamProject/restaurantcollections/app/services/authorize_google_sso.rb": {
        "lines": [
          null,
          1,
          1,
          null,
          1,
          null,
          1,
          1,
          1,
          0,
          null,
          null,
          null,
          1,
          0,
          0,
          null,
          0,
          null,
          null,
          1,
          0,
          0,
          0,
          null,
          0,
          0,
          null,
          0,
          0,
          null,
          0,
          null,
          null,
          1,
          0,
          null,
          null,
          null,
          1,
          null,
          0,
          null,
          null,
          null,
          null,
          null,
          null,
          null,
          1,
          null,
          1,
          0,
          null,
          null,
          null,
          null
        ]
      },
      "/home/tarathomas/TeamProject/restaurantcollections/app/services/authorize_sso.rb": {
        "lines": [
          null,
          null,
          1,
          null,
          1,
          null,
          1,
          1,
          2,
          2,
          null,
          2,
          null,
          null,
          1,
          2,
          null,
          null,
          null,
          null,
          null,
          2,
          null,
          2,
          2,
          null,
          null,
          1,
          2,
          null,
          null,
          null,
          1,
          null,
          2,
          null,
          null,
          null,
          null,
          null,
          null,
          null,
          null
        ]
      },
      "/home/tarathomas/TeamProject/restaurantcollections/app/services/create_comment_for_restaurant.rb": {
        "lines": [
          null,
          null,
          1,
          null,
          1,
          null,
          1,
          null,
          1,
          1,
          1,
          null,
          null,
          null,
          null,
          1,
          1,
          1,
          null,
          null,
          null,
          1,
          3,
          3,
          null,
          2,
          null,
          1,
          null,
          null,
          null
        ]
      },
      "/home/tarathomas/TeamProject/restaurantcollections/app/services/create_meal_for_restaurant.rb": {
        "lines": [
          null,
          null,
          1,
          null,
          1,
          null,
          1,
          null,
          1,
          1,
          1,
          null,
          null,
          null,
          null,
          1,
          1,
          1,
          null,
          null,
          null,
          1,
          3,
          3,
          null,
          2,
          null,
          1,
          null,
          null,
          null
        ]
      },
      "/home/tarathomas/TeamProject/restaurantcollections/app/services/create_restaurant_for_owner.rb": {
        "lines": [
          null,
          null,
          1,
          null,
          1,
          null,
          1,
          1,
          0,
          null,
          null,
          null,
          1,
          2,
          null,
          2,
          null,
          null,
          null
        ]
      },
      "/home/tarathomas/TeamProject/restaurantcollections/app/services/get_comment_query.rb": {
        "lines": [
          null,
          null,
          1,
          null,
          1,
          null,
          1,
          1,
          1,
          null,
          null,
          null,
          null,
          1,
          1,
          1,
          null,
          null,
          null,
          null,
          1,
          3,
          null,
          2,
          2,
          null,
          1,
          null,
          null,
          null
        ]
      },
      "/home/tarathomas/TeamProject/restaurantcollections/app/services/get_meal_query.rb": {
        "lines": [
          null,
          null,
          1,
          null,
          1,
          null,
          1,
          1,
          1,
          null,
          null,
          null,
          null,
          1,
          1,
          1,
          null,
          null,
          null,
          null,
          1,
          3,
          null,
          2,
          2,
          null,
          1,
          null,
          null,
          null
        ]
      },
      "/home/tarathomas/TeamProject/restaurantcollections/app/services/get_restaurant_query.rb": {
        "lines": [
          null,
          null,
          1,
          null,
          1,
          null,
          1,
          1,
          1,
          null,
          null,
          null,
          null,
          1,
          1,
          2,
          null,
          null,
          null,
          1,
          4,
          null,
          2,
          2,
          null,
          1,
          null,
          null,
          null
        ]
      },
      "/home/tarathomas/TeamProject/restaurantcollections/app/services/remove_colleaborator.rb": {
        "lines": [
          null,
          null,
          1,
          null,
          1,
          null,
          1,
          1,
          1,
          null,
          null,
          null,
          1,
          2,
          2,
          null,
          2,
          null,
          null,
          2,
          null,
          1,
          1,
          null,
          null,
          null
        ]
      },
      "/home/tarathomas/TeamProject/restaurantcollections/app/services/verify_registration.rb": {
        "lines": [
          null,
          1,
          null,
          1,
          null,
          null,
          null,
          1,
          null,
          1,
          1,
          null,
          1,
          0,
          null,
          null,
          null,
          1,
          null,
          null,
          1,
          0,
          0,
          null,
          0,
          null,
          null,
          1,
          0,
          null,
          null,
          1,
          0,
          null,
          null,
          1,
          0,
          null,
          null,
          null,
          null,
          null,
          null,
          null,
          1,
          0,
          null,
          null,
          null,
          null,
          null,
          null,
          null,
          1,
          0,
          0,
          0,
          0,
          0,
          null,
          null,
          1,
          0,
          0,
          0,
          null,
          0,
          0,
          null,
          null,
          null,
          null
        ]
      },
      "/home/tarathomas/TeamProject/restaurantcollections/app/services/verify_resetpassword.rb": {
        "lines": [
          null,
          1,
          null,
          1,
          null,
          null,
          null,
          1,
          null,
          1,
          1,
          null,
          1,
          0,
          null,
          null,
          null,
          1,
          null,
          null,
          1,
          0,
          0,
          null,
          null,
          1,
          0,
          null,
          null,
          1,
          0,
          null,
          null,
          null,
          null,
          null,
          null,
          null,
          1,
          0,
          null,
          null,
          null,
          null,
          null,
          null,
          null,
          1,
          0,
          0,
          0,
          0,
          0,
          null,
          null,
          1,
          0,
          0,
          0,
          null,
          0,
          0,
          null,
          null,
          null,
          null
        ]
      },
      "/home/tarathomas/TeamProject/restaurantcollections/app/controllers/accounts.rb": {
        "lines": [
          null,
          null,
          1,
          1,
          null,
          1,
          null,
          1,
          1,
          4,
          null,
          null,
          4,
          0,
          0,
          0,
          null,
          0,
          0,
          0,
          null,
          0,
          null,
          0,
          null,
          0,
          0,
          null,
          null,
          null,
          null,
          4,
          1,
          null,
          null,
          1,
          1,
          null,
          null,
          null,
          1,
          null,
          0,
          null,
          0,
          0,
          null,
          null,
          null,
          null,
          3,
          3,
          2,
          null,
          1,
          1,
          1,
          null,
          1,
          null,
          1,
          null,
          0,
          0,
          null,
          null,
          null,
          null
        ]
      },
      "/home/tarathomas/TeamProject/restaurantcollections/app/controllers/app.rb": {
        "lines": [
          null,
          null,
          1,
          1,
          1,
          null,
          1,
          null,
          1,
          1,
          1,
          1,
          1,
          1,
          null,
          1,
          null,
          1,
          40,
          null,
          40,
          null,
          null,
          null,
          40,
          40,
          null,
          0,
          null,
          0,
          null,
          null,
          40,
          1,
          null,
          null,
          39,
          39,
          39,
          39,
          null,
          null,
          null,
          null,
          null
        ]
      },
      "/home/tarathomas/TeamProject/restaurantcollections/app/controllers/helpers.rb": {
        "lines": [
          null,
          null,
          1,
          1,
          1,
          1,
          null,
          1,
          40,
          null,
          null,
          1,
          40,
          null,
          24,
          24,
          null,
          24,
          null,
          null,
          1,
          24,
          24,
          null,
          24,
          null,
          null,
          null,
          null
        ]
      },
      "/home/tarathomas/TeamProject/restaurantcollections/app/controllers/auth.rb": {
        "lines": [
          null,
          null,
          1,
          1,
          null,
          1,
          null,
          1,
          1,
          null,
          null,
          4,
          null,
          0,
          null,
          null,
          4,
          null,
          0,
          0,
          null,
          0,
          0,
          null,
          0,
          null,
          0,
          0,
          0,
          null,
          null,
          null,
          4,
          null,
          2,
          2,
          1,
          null,
          1,
          1,
          null,
          null,
          null,
          null,
          2,
          2,
          2,
          null,
          0,
          0,
          0,
          null,
          null,
          0,
          null,
          0,
          0,
          0,
          null,
          0,
          0,
          null,
          0,
          0,
          0,
          null,
          null,
          null,
          0,
          0,
          0,
          null,
          0,
          0,
          null,
          0,
          0,
          null,
          0,
          0,
          0,
          null,
          null,
          null,
          null,
          null
        ]
      },
      "/home/tarathomas/TeamProject/restaurantcollections/app/controllers/comments.rb": {
        "lines": [
          null,
          null,
          1,
          1,
          null,
          1,
          null,
          1,
          1,
          4,
          1,
          null,
          null,
          3,
          null,
          null,
          3,
          3,
          null,
          3,
          3,
          null,
          null,
          null,
          1,
          null,
          1,
          null,
          1,
          null,
          0,
          0,
          null,
          null,
          null,
          null,
          null
        ]
      },
      "/home/tarathomas/TeamProject/restaurantcollections/app/controllers/meals.rb": {
        "lines": [
          null,
          null,
          1,
          1,
          null,
          1,
          null,
          1,
          1,
          4,
          1,
          null,
          null,
          3,
          null,
          null,
          3,
          3,
          null,
          3,
          3,
          null,
          null,
          null,
          1,
          null,
          1,
          null,
          1,
          null,
          0,
          0,
          null,
          null,
          null,
          null,
          null
        ]
      },
      "/home/tarathomas/TeamProject/restaurantcollections/app/controllers/restaurants.rb": {
        "lines": [
          null,
          null,
          1,
          1,
          null,
          1,
          null,
          1,
          1,
          23,
          null,
          17,
          17,
          14,
          null,
          null,
          14,
          null,
          4,
          null,
          1,
          null,
          1,
          null,
          2,
          null,
          0,
          0,
          null,
          null,
          10,
          null,
          3,
          3,
          null,
          null,
          null,
          null,
          null,
          1,
          1,
          1,
          null,
          1,
          null,
          1,
          null,
          0,
          0,
          null,
          null,
          null,
          7,
          null,
          3,
          3,
          null,
          null,
          null,
          null,
          null,
          1,
          1,
          1,
          null,
          1,
          null,
          1,
          null,
          0,
          0,
          null,
          null,
          null,
          4,
          null,
          4,
          2,
          null,
          2,
          null,
          null,
          null,
          null,
          null,
          1,
          null,
          1,
          null,
          0,
          null,
          null,
          null,
          2,
          2,
          2,
          null,
          null,
          null,
          null,
          null,
          1,
          null,
          null,
          1,
          null,
          0,
          null,
          null,
          null,
          null,
          3,
          null,
          3,
          1,
          null,
          1,
          null,
          0,
          null,
          null,
          null,
          2,
          2,
          2,
          2,
          null,
          null,
          null,
          1,
          1,
          1,
          null,
          1,
          null,
          0,
          null,
          0,
          null,
          null,
          null,
          null,
          null
        ]
      },
      "/home/tarathomas/TeamProject/restaurantcollections/spec/integration/api_auth_spec.rb": {
        "lines": [
          null,
          null,
          1,
          1,
          null,
          1,
          1,
          null,
          1,
          4,
          4,
          null,
          null,
          1,
          1,
          2,
          2,
          null,
          null,
          1,
          1,
          null,
          1,
          null,
          null,
          null,
          1,
          1,
          1,
          1,
          1,
          1,
          null,
          null,
          1,
          1,
          null,
          null,
          1,
          1,
          null,
          null,
          null,
          null,
          1,
          null,
          1,
          1,
          1,
          null,
          null,
          null,
          1,
          1,
          2,
          2,
          null,
          null,
          null,
          null,
          null,
          1,
          2,
          null,
          null,
          1,
          1,
          null,
          1,
          null,
          null,
          null,
          1,
          1,
          null,
          1,
          1,
          1,
          1,
          null,
          null,
          1,
          1,
          null,
          null,
          null,
          null,
          1,
          1,
          null,
          null,
          null,
          1,
          1,
          null,
          1,
          1,
          1,
          1,
          null,
          null,
          null
        ]
      },
      "/home/tarathomas/TeamProject/restaurantcollections/spec/integration/api_collaborators_spec.rb": {
        "lines": [
          null,
          null,
          1,
          null,
          1,
          1,
          null,
          1,
          6,
          null,
          6,
          6,
          6,
          null,
          6,
          6,
          6,
          null,
          6,
          null,
          6,
          null,
          null,
          1,
          1,
          1,
          null,
          1,
          1,
          null,
          1,
          null,
          1,
          1,
          null,
          null,
          1,
          1,
          null,
          1,
          1,
          null,
          1,
          1,
          null,
          null,
          1,
          1,
          null,
          1,
          1,
          1,
          null,
          1,
          1,
          null,
          null,
          null,
          1,
          1,
          1,
          1,
          null,
          1,
          1,
          null,
          1,
          null,
          null,
          1,
          1,
          1,
          null,
          1,
          null,
          1,
          null,
          null,
          1,
          1,
          null,
          1,
          1,
          null,
          1,
          null,
          null,
          null
        ]
      },
      "/home/tarathomas/TeamProject/restaurantcollections/spec/integration/api_comment_spec.rb": {
        "lines": [
          null,
          null,
          1,
          null,
          1,
          1,
          null,
          1,
          8,
          8,
          null,
          8,
          8,
          null,
          8,
          8,
          8,
          8,
          null,
          8,
          null,
          null,
          1,
          1,
          1,
          1,
          1,
          null,
          1,
          1,
          1,
          null,
          1,
          1,
          null,
          null,
          1,
          1,
          1,
          1,
          null,
          1,
          null,
          1,
          null,
          1,
          1,
          null,
          null,
          1,
          1,
          1,
          1,
          null,
          1,
          1,
          null,
          1,
          null,
          1,
          1,
          null,
          null,
          1,
          1,
          1,
          null,
          1,
          null,
          null,
          null,
          1,
          1,
          4,
          4,
          null,
          null,
          1,
          1,
          1,
          1,
          1,
          null,
          1,
          1,
          null,
          1,
          null,
          null,
          1,
          1,
          1,
          null,
          1,
          null,
          1,
          1,
          1,
          null,
          null,
          1,
          1,
          null,
          1,
          null,
          1,
          1,
          1,
          null,
          null,
          1,
          1,
          1,
          1,
          1,
          null,
          1,
          1,
          1,
          1,
          null,
          null,
          null
        ]
      },
      "/home/tarathomas/TeamProject/restaurantcollections/spec/integration/api_meal_spec.rb": {
        "lines": [
          null,
          null,
          1,
          null,
          1,
          1,
          null,
          1,
          8,
          null,
          8,
          8,
          null,
          8,
          8,
          8,
          8,
          null,
          8,
          null,
          null,
          1,
          1,
          1,
          1,
          1,
          null,
          1,
          1,
          1,
          null,
          1,
          1,
          null,
          null,
          1,
          1,
          1,
          1,
          null,
          1,
          null,
          1,
          null,
          1,
          1,
          null,
          null,
          1,
          1,
          1,
          1,
          null,
          1,
          1,
          null,
          1,
          null,
          1,
          1,
          null,
          null,
          1,
          1,
          1,
          null,
          1,
          null,
          null,
          null,
          1,
          1,
          4,
          4,
          null,
          null,
          1,
          1,
          1,
          1,
          1,
          null,
          1,
          1,
          null,
          1,
          null,
          null,
          1,
          1,
          1,
          null,
          1,
          null,
          1,
          1,
          1,
          null,
          null,
          1,
          1,
          null,
          1,
          null,
          1,
          1,
          1,
          null,
          null,
          1,
          1,
          1,
          1,
          1,
          null,
          1,
          1,
          1,
          1,
          null,
          null,
          null,
          null
        ]
      },
      "/home/tarathomas/TeamProject/restaurantcollections/spec/integration/api_restaurant_spec.rb": {
        "lines": [
          null,
          null,
          1,
          null,
          1,
          1,
          null,
          1,
          9,
          null,
          9,
          9,
          null,
          9,
          9,
          null,
          9,
          null,
          null,
          1,
          1,
          1,
          2,
          2,
          null,
          null,
          1,
          1,
          1,
          1,
          null,
          1,
          1,
          null,
          null,
          1,
          1,
          1,
          null,
          1,
          1,
          null,
          null,
          null,
          1,
          1,
          1,
          1,
          1,
          1,
          null,
          1,
          1,
          1,
          null,
          null,
          1,
          1,
          1,
          null,
          1,
          null,
          null,
          1,
          1,
          null,
          1,
          1,
          1,
          null,
          1,
          1,
          null,
          null,
          1,
          1,
          1,
          null,
          1,
          1,
          null,
          null,
          1,
          1,
          null,
          null,
          null,
          1,
          1,
          3,
          null,
          null,
          1,
          1,
          1,
          null,
          1,
          1,
          null,
          1,
          1,
          null,
          1,
          1,
          null,
          null,
          1,
          1,
          null,
          1,
          null,
          1,
          1,
          1,
          null,
          null,
          1,
          1,
          1,
          null,
          1,
          1,
          null,
          1,
          1,
          null,
          null,
          null
        ]
      },
      "/home/tarathomas/TeamProject/restaurantcollections/spec/integration/api_spec.rb": {
        "lines": [
          null,
          1,
          null,
          1,
          1,
          1,
          1,
          1,
          null,
          null,
          null
        ]
      },
      "/home/tarathomas/TeamProject/restaurantcollections/spec/integration/service_add_collaborator_spec.rb": {
        "lines": [
          null,
          null,
          1,
          null,
          1,
          1,
          2,
          null,
          2,
          6,
          null,
          null,
          2,
          null,
          2,
          2,
          2,
          2,
          null,
          null,
          1,
          1,
          null,
          1,
          null,
          null,
          null,
          null,
          null,
          1,
          1,
          null,
          null,
          1,
          1,
          null,
          null,
          null,
          null,
          1,
          1,
          null,
          null,
          null,
          null,
          null,
          null,
          null
        ]
      },
      "/home/tarathomas/TeamProject/restaurantcollections/spec/integration/service_authenticate_account_spec.rb": {
        "lines": [
          null,
          null,
          1,
          null,
          null,
          1,
          1,
          3,
          null,
          3,
          9,
          null,
          null,
          null,
          1,
          1,
          1,
          null,
          null,
          1,
          null,
          null,
          1,
          1,
          1,
          1,
          null,
          null,
          null,
          null,
          null,
          1,
          1,
          1,
          null,
          null,
          null,
          null,
          null
        ]
      },
      "/home/tarathomas/TeamProject/restaurantcollections/spec/unit/comments_spec.rb": {
        "lines": [
          null,
          null,
          1,
          null,
          1,
          1,
          3,
          null,
          3,
          6,
          null,
          null,
          null,
          1,
          1,
          1,
          1,
          null,
          1,
          1,
          null,
          null,
          1,
          1,
          1,
          1,
          null,
          1,
          null,
          null,
          1,
          1,
          1,
          1,
          1,
          null,
          1,
          null,
          null
        ]
      },
      "/home/tarathomas/TeamProject/restaurantcollections/spec/unit/json_symbolize_spec.rb": {
        "lines": [
          null,
          null,
          1,
          null,
          1,
          1,
          1,
          1,
          null,
          1,
          1,
          null,
          null
        ]
      },
      "/home/tarathomas/TeamProject/restaurantcollections/spec/unit/passwords_spec.rb": {
        "lines": [
          null,
          null,
          1,
          null,
          1,
          1,
          1,
          1,
          null,
          1,
          null,
          null,
          1,
          1,
          1,
          null,
          1,
          1,
          null,
          null,
          1,
          1,
          1,
          1,
          null,
          1,
          1,
          null,
          null
        ]
      }
    },
    "timestamp": 1624802424
  }
}
